Arguments: 
  C:\Program Files\nodejs\node.exe C:\Users\mahamoud.okily\AppData\Local\node\corepack\yarn\1.22.19\bin\yarn.js add -D @storybook/addon-styling

PATH: 
  C:\Users\mahamoud.okily\bin;C:\Program Files\Git\mingw64\bin;C:\Program Files\Git\usr\local\bin;C:\Program Files\Git\usr\bin;C:\Program Files\Git\usr\bin;C:\Program Files\Git\mingw64\bin;C:\Program Files\Git\usr\bin;C:\Users\mahamoud.okily\bin;C:\Python311\Scripts;C:\Python311;C:\Windows\system32;C:\Windows;C:\Windows\System32\Wbem;C:\Windows\System32\WindowsPowerShell\v1.0;C:\Windows\System32\OpenSSH;C:\Program Files\dotnet;C:\Program Files\Amazon\AWSCLIV2;C:\ProgramData\chocolatey\bin;C:\Users\adm.mahmoud.okily\AppData\Roaming\nvm;C:\Program Files\nodejs;C:\Program Files\Amazon\AWSSAMCLI\bin;C:\Program Files\Docker\Docker\resources\bin;C:\Program Files\Git\cmd;C:\ProgramData\Microsoft\Windows\Start Menu\Programs\Node.js;C:\Program Files\PowerShell\7;C:\Users\mahamoud.okily\AppData\Local\pnpm;C:\Users\mahamoud.okily\AppData\Local\Microsoft\WindowsApps;C:\Users\mahamoud.okily\AppData\Local\Programs\Microsoft VS Code\bin;C:\Users\mahamoud.okily\AppData\Local\Programs\Git\cmd;C:\Users\mahamoud.okily\AppData\Roaming\npm;C:\Program Files\Git\usr\bin\vendor_perl;C:\Program Files\Git\usr\bin\core_perl

Yarn version: 
  1.22.19

Node version: 
  18.16.0

Platform: 
  win32 x64

Trace: 
  Error: EPERM: operation not permitted, unlink 'C:\Users\mahamoud.okily\Desktop\code\mo-react-currency-input\apps\mo-test\node_modules\@esbuild\win32-x64\esbuild.exe'

npm manifest: 
  {
    "name": "mo-test",
    "version": "1.0.0",
    "description": "",
    "main": "dist/cjs/index.js",
    "module": "dist/esm/index.js",
    "types": "dist/index.d.ts",
    "scripts": {
      "build": "rollup -c --bundleConfigAsCjs",
      "storybook": "storybook dev -p 6006",
      "build-storybook": "storybook build"
    },
    "author": "Mahmoud Okily",
    "license": "ISC",
    "devDependencies": {
      "@babel/preset-env": "^7.21.5",
      "@babel/preset-react": "^7.18.6",
      "@babel/preset-typescript": "^7.21.5",
      "@rollup/plugin-commonjs": "^24.1.0",
      "@rollup/plugin-node-resolve": "^15.0.2",
      "@rollup/plugin-typescript": "^11.1.0",
      "@storybook/addon-essentials": "7.0.8",
      "@storybook/addon-interactions": "7.0.8",
      "@storybook/addon-links": "7.0.8",
      "@storybook/blocks": "7.0.8",
      "@storybook/react": "7.0.8",
      "@storybook/react-webpack5": "7.0.8",
      "@storybook/testing-library": "0.0.14-next.2",
      "@testing-library/jest-dom": "^5.16.5",
      "@testing-library/react": "^14.0.0",
      "@testing-library/user-event": "^14.4.3",
      "@types/jest": "^29.5.1",
      "@types/react": "^18.2.2",
      "@types/storybook__react": "^5.2.1",
      "@types/styled-components": "^5.1.26",
      "jest": "^29.5.0",
      "jest-environment-jsdom": "^29.5.0",
      "rollup": "^3.0.0",
      "rollup-plugin-dts": "^5.3.0",
      "rollup-plugin-peer-deps-external": "^2.2.4",
      "rollup-plugin-terser": "^7.0.2",
      "storybook": "7.0.8",
      "typescript": "^5.0.4"
    },
    "dependencies": {
      "@storybook/react": "^7.0.20",
      "prop-types": "^15.8.1",
      "storybook-addon-styled-component-theme": "^2.0.0",
      "styled-components": "^6.0.0-rc.3"
    },
    "peerDependencies": {
      "react": "^18.2.0",
      "react-dom": "^18.2.0"
    }
  }

yarn manifest: 
  No manifest

Lockfile: 
  No lockfile
